This is XeTeX, Version 3.14159265-2.6-0.999992 (TeX Live 2020/Debian) (preloaded format=xelatex 2021.8.27)  25 FEB 2022 08:22
entering extended mode
 restricted \write18 enabled.
 %&-line parsing enabled.
**task_c1.tex
(./task_c1.tex
LaTeX2e <2020-10-01> patch level 4
L3 programming layer <2021-01-09> xparse <2020-03-03>
! Undefined control sequence.
l.1 \section
            {Task C}
? 
! Emergency stop.
l.1 \section
            {Task C}
End of file on the terminal!

 
Here is how much of TeX's memory you used:
 15 strings out of 479197
 297 string characters out of 5874362
 275712 words of memory out of 5000000
 19698 multiletter control sequences out of 15000+600000
 403430 words of font info for 27 fonts, out of 8000000 for 9000
 14 hyphenation exceptions out of 8191
 13i,0n,15p,59b,10s stack positions out of 5000i,500n,10000p,200000b,80000s
No pages of output.
