\BOOKMARK [0][-]{chapter.1}{Preliminaries}{}% 1
\BOOKMARK [1][-]{section.1.1}{Turing\040Machines}{chapter.1}% 2
\BOOKMARK [1][-]{section.1.2}{On\040Measure\040Theory\040and\040Probability\040Thery}{chapter.1}% 3
\BOOKMARK [1][-]{section.1.3}{Randomized\040Computation}{chapter.1}% 4
\BOOKMARK [1][-]{section.1.4}{Bounded\040Arithmetic}{chapter.1}% 5
\BOOKMARK [2][-]{subsection.1.4.1}{The\040Language\040of\040Buss'\040Arithmetic}{section.1.4}% 6
\BOOKMARK [2][-]{subsection.1.4.2}{The\040S12\040Theory}{section.1.4}% 7
\BOOKMARK [0][-]{chapter.2}{A\040Randomized\040Bounded\040Arithmetic}{}% 8
\BOOKMARK [1][-]{section.2.1}{The\040POR\040Function\040Algebra\040and\040RS12\040Theory}{chapter.2}% 9
\BOOKMARK [2][-]{subsection.2.1.1}{Notational\040preliminaries}{section.2.1}% 10
\BOOKMARK [2][-]{subsection.2.1.2}{The\040Class\040POR}{section.2.1}% 11
\BOOKMARK [2][-]{subsection.2.1.3}{The\040Theory\040RS12}{section.2.1}% 12
\BOOKMARK [1][-]{section.2.2}{All\040Functions\040in\040POR\040are\040b1-Representable\040in\040RS12}{chapter.2}% 13
\BOOKMARK [1][-]{section.2.3}{From\040RS12\040Representability\040to\040POR}{chapter.2}% 14
\BOOKMARK [2][-]{subsection.2.3.1}{The\040System\040POR}{section.2.3}% 15
\BOOKMARK [2][-]{subsection.2.3.2}{Realizability\040of\040IRS12}{section.2.3}% 16
\BOOKMARK [0][-]{chapter.3}{On\040the\040equivalence\040between\040PPT\040and\040POR}{}% 17
\BOOKMARK [1][-]{section.3.1}{The\040Class\040SFP}{chapter.3}% 18
\BOOKMARK [1][-]{section.3.2}{From\040SFP\040to\040POR}{chapter.3}% 19
\BOOKMARK [2][-]{subsection.3.2.1}{Preliminary\040Notions}{section.3.2}% 20
\BOOKMARK [2][-]{subsection.3.2.2}{From\040SFP\040to\040PTF}{section.3.2}% 21
\BOOKMARK [2][-]{subsection.3.2.3}{From\040PTF\040to\040POR-}{section.3.2}% 22
\BOOKMARK [2][-]{subsection.3.2.4}{Extractor\040Function\040in\040POR}{section.3.2}% 23
\BOOKMARK [2][-]{subsection.3.2.5}{Concluding\040the\040Proof}{section.3.2}% 24
\BOOKMARK [1][-]{section.3.3}{From\040POR-functions\040to\040SFP}{chapter.3}% 25
\BOOKMARK [2][-]{subsection.3.3.1}{The\040SIFP\040language}{section.3.3}% 26
\BOOKMARK [2][-]{subsection.3.3.2}{From\040POR\040to\040the\040SIFPRA\040Language}{section.3.3}% 27
\BOOKMARK [2][-]{subsection.3.3.3}{From\040SIFPRA\040to\040SIFPLA}{section.3.3}% 28
\BOOKMARK [2][-]{subsection.3.3.4}{From\040SIFPLA\040to\040SFPOD}{section.3.3}% 29
\BOOKMARK [2][-]{subsection.3.3.5}{From\040SFPOD\040to\040SFP}{section.3.3}% 30
\BOOKMARK [2][-]{subsection.3.3.6}{Finalizing\040the\040proof}{section.3.3}% 31
\BOOKMARK [1][-]{section.3.4}{From\040SFP\040to\040PPT}{chapter.3}% 32
\BOOKMARK [2][-]{subsection.3.4.1}{Main\040Result}{section.3.4}% 33
\BOOKMARK [0][-]{chapter.4}{On\040the\040equivalence\040between\040FP\040and\040Cobham's\040Algebra}{}% 34
\BOOKMARK [1][-]{section.4.1}{The\040class\040FCob}{chapter.4}% 35
\BOOKMARK [1][-]{section.4.2}{From\040FP\040to\040a\040Cobham\040style\040Function\040Algebra}{chapter.4}% 36
\BOOKMARK [1][-]{section.4.3}{From\040a\040Cobham\040style\040Function\040Algebra\040to\040FP}{chapter.4}% 37
\BOOKMARK [1][-]{section.4.4}{Concluding\040the\040proof}{chapter.4}% 38
\BOOKMARK [0][-]{chapter.5}{Characterizing\040complexity\040classes}{}% 39
\BOOKMARK [1][-]{section.5.1}{The\040LMQ\040Language}{chapter.5}% 40
\BOOKMARK [1][-]{section.5.2}{Characterizations}{chapter.5}% 41
\BOOKMARK [2][-]{subsection.5.2.1}{BPP}{section.5.2}% 42
\BOOKMARK [2][-]{subsection.5.2.2}{RP\040and\040co-RP}{section.5.2}% 43
\BOOKMARK [2][-]{subsection.5.2.3}{ZPP}{section.5.2}% 44
\BOOKMARK [0][-]{chapter.6}{Omitted\040Concepts\040and\040Results}{}% 45
\BOOKMARK [1][-]{section.6.1}{Encodings}{chapter.6}% 46
\BOOKMARK [2][-]{subsection.6.1.1}{Statical\040encodings}{section.6.1}% 47
\BOOKMARK [2][-]{subsection.6.1.2}{Dynamic\040Encoding}{section.6.1}% 48
\BOOKMARK [1][-]{section.6.2}{Auxiliary\040Results}{chapter.6}% 49
\BOOKMARK [2][-]{subsection.6.2.1}{The\040Theory\040RS12}{section.6.2}% 50
\BOOKMARK [2][-]{subsection.6.2.2}{The\040Class\040SFP}{section.6.2}% 51
\BOOKMARK [2][-]{subsection.6.2.3}{From\040PTF\040to\040POR-}{section.6.2}% 52
\BOOKMARK [2][-]{subsection.6.2.4}{Extractor\040Function\040in\040POR}{section.6.2}% 53
\BOOKMARK [2][-]{subsection.6.2.5}{The\040SIFP\040language}{section.6.2}% 54
\BOOKMARK [2][-]{subsection.6.2.6}{From\040POR\040to\040the\040SIFPRA\040Language}{section.6.2}% 55
\BOOKMARK [2][-]{subsection.6.2.7}{From\040SIFPRA\040to\040SIFPLA}{section.6.2}% 56
\BOOKMARK [2][-]{subsection.6.2.8}{From\040SFPOD\040to\040SFP}{section.6.2}% 57
\BOOKMARK [0][-]{chapter.7}{Conclusions}{}% 58
\BOOKMARK [1][-]{section.7.1}{Future\040work}{chapter.7}% 59
